2011-09-24 07:08:12 Debug: Notice (8): Undefined index: action in [C:\xampp\htdocs\dbMiniProject\controllers\components\log_util.php, line 67]
2011-09-24 07:08:12 Debug: Notice (8): Undefined index: controller in [C:\xampp\htdocs\dbMiniProject\controllers\components\log_util.php, line 68]
2011-09-24 07:08:12 Debug: Notice (8): Undefined index: url in [C:\xampp\htdocs\dbMiniProject\controllers\components\log_util.php, line 77]
2011-09-24 07:08:12 Debug: Notice (8): Undefined variable: logged_in in [C:\xampp\htdocs\dbMiniProject\views\layouts\default.ctp, line 51]
2011-09-24 07:08:58 Debug: Notice (8): Undefined index: action in [C:\xampp\htdocs\dbMiniProject\controllers\components\log_util.php, line 67]
2011-09-24 07:08:58 Debug: Notice (8): Undefined index: controller in [C:\xampp\htdocs\dbMiniProject\controllers\components\log_util.php, line 68]
2011-09-24 07:08:58 Debug: Notice (8): Undefined index: url in [C:\xampp\htdocs\dbMiniProject\controllers\components\log_util.php, line 77]
2011-09-24 07:08:58 Debug: Notice (8): Undefined variable: logged_in in [C:\xampp\htdocs\dbMiniProject\views\layouts\default.ctp, line 51]
2011-09-24 07:24:00 Debug: Notice (8): Undefined index: action in [C:\xampp\htdocs\dbMiniProject\controllers\components\log_util.php, line 67]
2011-09-24 07:24:00 Debug: Notice (8): Undefined index: controller in [C:\xampp\htdocs\dbMiniProject\controllers\components\log_util.php, line 68]
2011-09-24 07:24:00 Debug: Notice (8): Undefined index: url in [C:\xampp\htdocs\dbMiniProject\controllers\components\log_util.php, line 77]
2011-09-24 07:24:00 Debug: Notice (8): Undefined index: action in [C:\xampp\htdocs\dbMiniProject\controllers\components\log_util.php, line 67]
2011-09-24 07:24:00 Debug: Notice (8): Undefined index: controller in [C:\xampp\htdocs\dbMiniProject\controllers\components\log_util.php, line 68]
2011-09-24 07:24:00 Debug: Notice (8): Undefined index: url in [C:\xampp\htdocs\dbMiniProject\controllers\components\log_util.php, line 77]
2011-09-24 07:24:00 Debug: Notice (8): Undefined variable: logged_in in [C:\xampp\htdocs\dbMiniProject\views\layouts\default.ctp, line 51]
2011-09-24 07:24:00 Debug: Notice (8): Undefined variable: logged_in in [C:\xampp\htdocs\dbMiniProject\views\layouts\default.ctp, line 51]
2011-09-24 07:24:00 Debug: Notice (8): Undefined index: action in [C:\xampp\htdocs\dbMiniProject\controllers\components\log_util.php, line 67]
2011-09-24 07:24:00 Debug: Notice (8): Undefined index: controller in [C:\xampp\htdocs\dbMiniProject\controllers\components\log_util.php, line 68]
2011-09-24 07:24:00 Debug: Notice (8): Undefined index: url in [C:\xampp\htdocs\dbMiniProject\controllers\components\log_util.php, line 77]
2011-09-24 07:24:00 Debug: Notice (8): Undefined variable: logged_in in [C:\xampp\htdocs\dbMiniProject\views\layouts\default.ctp, line 51]
2011-09-24 07:24:01 Debug: Notice (8): Undefined index: action in [C:\xampp\htdocs\dbMiniProject\controllers\components\log_util.php, line 67]
2011-09-24 07:24:01 Debug: Notice (8): Undefined index: controller in [C:\xampp\htdocs\dbMiniProject\controllers\components\log_util.php, line 68]
2011-09-24 07:24:01 Debug: Notice (8): Undefined index: url in [C:\xampp\htdocs\dbMiniProject\controllers\components\log_util.php, line 77]
2011-09-24 07:24:01 Debug: Notice (8): Undefined index: action in [C:\xampp\htdocs\dbMiniProject\controllers\components\log_util.php, line 67]
2011-09-24 07:24:01 Debug: Notice (8): Undefined index: controller in [C:\xampp\htdocs\dbMiniProject\controllers\components\log_util.php, line 68]
2011-09-24 07:24:01 Debug: Notice (8): Undefined variable: logged_in in [C:\xampp\htdocs\dbMiniProject\views\layouts\default.ctp, line 51]
2011-09-24 07:24:01 Debug: Notice (8): Undefined index: action in [C:\xampp\htdocs\dbMiniProject\controllers\components\log_util.php, line 67]
2011-09-24 07:24:01 Debug: Notice (8): Undefined index: url in [C:\xampp\htdocs\dbMiniProject\controllers\components\log_util.php, line 77]
2011-09-24 07:24:01 Debug: Notice (8): Undefined index: controller in [C:\xampp\htdocs\dbMiniProject\controllers\components\log_util.php, line 68]
2011-09-24 07:24:01 Debug: Notice (8): Undefined index: action in [C:\xampp\htdocs\dbMiniProject\controllers\components\log_util.php, line 67]
2011-09-24 07:24:01 Debug: Notice (8): Undefined index: controller in [C:\xampp\htdocs\dbMiniProject\controllers\components\log_util.php, line 68]
2011-09-24 07:24:01 Debug: Notice (8): Undefined index: url in [C:\xampp\htdocs\dbMiniProject\controllers\components\log_util.php, line 77]
2011-09-24 07:24:01 Debug: Notice (8): Undefined index: url in [C:\xampp\htdocs\dbMiniProject\controllers\components\log_util.php, line 77]
2011-09-24 07:24:01 Debug: Notice (8): Undefined index: action in [C:\xampp\htdocs\dbMiniProject\controllers\components\log_util.php, line 67]
2011-09-24 07:24:01 Debug: Notice (8): Undefined index: controller in [C:\xampp\htdocs\dbMiniProject\controllers\components\log_util.php, line 68]
2011-09-24 07:24:01 Debug: Notice (8): Undefined index: url in [C:\xampp\htdocs\dbMiniProject\controllers\components\log_util.php, line 77]
2011-09-24 07:24:01 Debug: Notice (8): Undefined variable: logged_in in [C:\xampp\htdocs\dbMiniProject\views\layouts\default.ctp, line 51]
2011-09-24 07:24:01 Debug: Notice (8): Undefined variable: logged_in in [C:\xampp\htdocs\dbMiniProject\views\layouts\default.ctp, line 51]
2011-09-24 07:24:01 Debug: Notice (8): Undefined variable: logged_in in [C:\xampp\htdocs\dbMiniProject\views\layouts\default.ctp, line 51]
2011-09-24 07:24:01 Debug: Notice (8): Undefined index: action in [C:\xampp\htdocs\dbMiniProject\controllers\components\log_util.php, line 67]
2011-09-24 07:24:01 Debug: Notice (8): Undefined index: action in [C:\xampp\htdocs\dbMiniProject\controllers\components\log_util.php, line 67]
2011-09-24 07:24:01 Debug: Notice (8): Undefined index: controller in [C:\xampp\htdocs\dbMiniProject\controllers\components\log_util.php, line 68]
2011-09-24 07:24:01 Debug: Notice (8): Undefined index: url in [C:\xampp\htdocs\dbMiniProject\controllers\components\log_util.php, line 77]
2011-09-24 07:24:01 Debug: Notice (8): Undefined index: action in [C:\xampp\htdocs\dbMiniProject\controllers\components\log_util.php, line 67]
2011-09-24 07:24:01 Debug: Notice (8): Undefined index: controller in [C:\xampp\htdocs\dbMiniProject\controllers\components\log_util.php, line 68]
2011-09-24 07:24:01 Debug: Notice (8): Undefined index: url in [C:\xampp\htdocs\dbMiniProject\controllers\components\log_util.php, line 77]
2011-09-24 07:24:01 Debug: Notice (8): Undefined variable: logged_in in [C:\xampp\htdocs\dbMiniProject\views\layouts\default.ctp, line 51]
2011-09-24 07:24:01 Debug: Notice (8): Undefined index: url in [C:\xampp\htdocs\dbMiniProject\controllers\components\log_util.php, line 77]
2011-09-24 07:24:02 Debug: Notice (8): Undefined variable: logged_in in [C:\xampp\htdocs\dbMiniProject\views\layouts\default.ctp, line 51]
2011-09-24 07:24:02 Debug: Notice (8): Undefined variable: logged_in in [C:\xampp\htdocs\dbMiniProject\views\layouts\default.ctp, line 51]
2011-09-24 07:28:45 Debug: Notice (8): Undefined index: action in [C:\xampp\htdocs\dbMiniProject\controllers\components\log_util.php, line 67]
2011-09-24 07:28:45 Debug: Notice (8): Undefined index: controller in [C:\xampp\htdocs\dbMiniProject\controllers\components\log_util.php, line 68]
2011-09-24 07:28:45 Debug: Notice (8): Undefined index: url in [C:\xampp\htdocs\dbMiniProject\controllers\components\log_util.php, line 77]
2011-09-24 07:28:45 Debug: Notice (8): Undefined variable: logged_in in [C:\xampp\htdocs\dbMiniProject\views\layouts\default.ctp, line 51]
2011-09-24 07:36:47 Debug: Notice (8): Undefined index: action in [C:\xampp\htdocs\dbMiniProject\controllers\components\log_util.php, line 67]
2011-09-24 07:36:47 Debug: Notice (8): Undefined index: controller in [C:\xampp\htdocs\dbMiniProject\controllers\components\log_util.php, line 68]
2011-09-24 07:36:47 Debug: Notice (8): Undefined index: url in [C:\xampp\htdocs\dbMiniProject\controllers\components\log_util.php, line 77]
2011-09-24 07:36:47 Debug: Notice (8): Undefined variable: logged_in in [C:\xampp\htdocs\dbMiniProject\views\layouts\default.ctp, line 51]
2011-09-24 07:38:31 Debug: Notice (8): Undefined index: action in [C:\xampp\htdocs\dbMiniProject\controllers\components\log_util.php, line 67]
2011-09-24 07:38:31 Debug: Notice (8): Undefined index: controller in [C:\xampp\htdocs\dbMiniProject\controllers\components\log_util.php, line 68]
2011-09-24 07:38:31 Debug: Notice (8): Undefined index: url in [C:\xampp\htdocs\dbMiniProject\controllers\components\log_util.php, line 77]
2011-09-24 07:38:31 Debug: Notice (8): Undefined variable: logged_in in [C:\xampp\htdocs\dbMiniProject\views\layouts\default.ctp, line 51]
2011-09-24 07:38:46 Debug: Notice (8): Undefined index: action in [C:\xampp\htdocs\dbMiniProject\controllers\components\log_util.php, line 67]
2011-09-24 07:38:46 Debug: Notice (8): Undefined index: controller in [C:\xampp\htdocs\dbMiniProject\controllers\components\log_util.php, line 68]
2011-09-24 07:38:46 Debug: Notice (8): Undefined index: url in [C:\xampp\htdocs\dbMiniProject\controllers\components\log_util.php, line 77]
2011-09-24 07:38:46 Debug: Notice (8): Undefined variable: logged_in in [C:\xampp\htdocs\dbMiniProject\views\layouts\default.ctp, line 51]
2011-09-24 07:38:54 Debug: Notice (8): Undefined index: action in [C:\xampp\htdocs\dbMiniProject\controllers\components\log_util.php, line 67]
2011-09-24 07:38:54 Debug: Notice (8): Undefined index: controller in [C:\xampp\htdocs\dbMiniProject\controllers\components\log_util.php, line 68]
2011-09-24 07:38:54 Debug: Notice (8): Undefined index: url in [C:\xampp\htdocs\dbMiniProject\controllers\components\log_util.php, line 77]
2011-09-24 07:38:54 Debug: Notice (8): Undefined variable: logged_in in [C:\xampp\htdocs\dbMiniProject\views\layouts\default.ctp, line 51]
2011-09-24 07:43:18 Debug: Notice (8): Undefined index: action in [C:\xampp\htdocs\dbMiniProject\controllers\components\log_util.php, line 67]
2011-09-24 07:43:18 Debug: Notice (8): Undefined index: controller in [C:\xampp\htdocs\dbMiniProject\controllers\components\log_util.php, line 68]
2011-09-24 07:43:18 Debug: Notice (8): Undefined index: url in [C:\xampp\htdocs\dbMiniProject\controllers\components\log_util.php, line 77]
2011-09-24 07:43:18 Debug: Notice (8): Undefined variable: logged_in in [C:\xampp\htdocs\dbMiniProject\views\layouts\default.ctp, line 51]
2011-09-24 07:43:26 Debug: Notice (8): Undefined index: action in [C:\xampp\htdocs\dbMiniProject\controllers\components\log_util.php, line 67]
2011-09-24 07:43:26 Debug: Notice (8): Undefined index: controller in [C:\xampp\htdocs\dbMiniProject\controllers\components\log_util.php, line 68]
2011-09-24 07:43:26 Debug: Notice (8): Undefined index: url in [C:\xampp\htdocs\dbMiniProject\controllers\components\log_util.php, line 77]
2011-09-24 07:43:26 Debug: Notice (8): Undefined variable: logged_in in [C:\xampp\htdocs\dbMiniProject\views\layouts\default.ctp, line 51]
2011-09-24 07:43:39 Debug: Notice (8): Undefined index: action in [C:\xampp\htdocs\dbMiniProject\controllers\components\log_util.php, line 67]
2011-09-24 07:43:39 Debug: Notice (8): Undefined index: controller in [C:\xampp\htdocs\dbMiniProject\controllers\components\log_util.php, line 68]
2011-09-24 07:43:39 Debug: Notice (8): Undefined index: url in [C:\xampp\htdocs\dbMiniProject\controllers\components\log_util.php, line 77]
2011-09-24 07:43:39 Debug: Notice (8): Undefined variable: logged_in in [C:\xampp\htdocs\dbMiniProject\views\layouts\default.ctp, line 51]
2011-09-24 07:43:52 Debug: Notice (8): Undefined index: action in [C:\xampp\htdocs\dbMiniProject\controllers\components\log_util.php, line 67]
2011-09-24 07:43:52 Debug: Notice (8): Undefined index: controller in [C:\xampp\htdocs\dbMiniProject\controllers\components\log_util.php, line 68]
2011-09-24 07:43:52 Debug: Notice (8): Undefined index: url in [C:\xampp\htdocs\dbMiniProject\controllers\components\log_util.php, line 77]
2011-09-24 07:43:52 Debug: Notice (8): Undefined variable: logged_in in [C:\xampp\htdocs\dbMiniProject\views\layouts\default.ctp, line 51]
2011-09-24 07:45:36 Debug: Notice (8): Undefined index: action in [C:\xampp\htdocs\dbMiniProject\controllers\components\log_util.php, line 67]
2011-09-24 07:45:36 Debug: Notice (8): Undefined index: controller in [C:\xampp\htdocs\dbMiniProject\controllers\components\log_util.php, line 68]
2011-09-24 07:45:36 Debug: Notice (8): Undefined index: url in [C:\xampp\htdocs\dbMiniProject\controllers\components\log_util.php, line 77]
2011-09-24 07:45:36 Debug: Notice (8): Undefined variable: logged_in in [C:\xampp\htdocs\dbMiniProject\views\layouts\default.ctp, line 51]
2011-09-24 07:45:48 Debug: Notice (8): Undefined index: action in [C:\xampp\htdocs\dbMiniProject\controllers\components\log_util.php, line 67]
2011-09-24 07:45:48 Debug: Notice (8): Undefined index: controller in [C:\xampp\htdocs\dbMiniProject\controllers\components\log_util.php, line 68]
2011-09-24 07:45:48 Debug: Notice (8): Undefined index: url in [C:\xampp\htdocs\dbMiniProject\controllers\components\log_util.php, line 77]
2011-09-24 07:45:48 Debug: Notice (8): Undefined variable: logged_in in [C:\xampp\htdocs\dbMiniProject\views\layouts\default.ctp, line 51]
2011-09-24 07:46:15 Debug: Notice (8): Undefined index: action in [C:\xampp\htdocs\dbMiniProject\controllers\components\log_util.php, line 67]
2011-09-24 07:46:15 Debug: Notice (8): Undefined index: controller in [C:\xampp\htdocs\dbMiniProject\controllers\components\log_util.php, line 68]
2011-09-24 07:46:15 Debug: Notice (8): Undefined index: url in [C:\xampp\htdocs\dbMiniProject\controllers\components\log_util.php, line 77]
2011-09-24 07:46:15 Debug: Notice (8): Undefined variable: logged_in in [C:\xampp\htdocs\dbMiniProject\views\layouts\default.ctp, line 51]
2011-09-24 07:46:21 Debug: Notice (8): Undefined index: action in [C:\xampp\htdocs\dbMiniProject\controllers\components\log_util.php, line 67]
2011-09-24 07:46:21 Debug: Notice (8): Undefined index: controller in [C:\xampp\htdocs\dbMiniProject\controllers\components\log_util.php, line 68]
2011-09-24 07:46:21 Debug: Notice (8): Undefined index: url in [C:\xampp\htdocs\dbMiniProject\controllers\components\log_util.php, line 77]
2011-09-24 07:46:21 Debug: Notice (8): Undefined variable: logged_in in [C:\xampp\htdocs\dbMiniProject\views\layouts\default.ctp, line 51]
2011-09-24 07:46:53 Debug: Notice (8): Undefined variable: xml in [C:\xampp\htdocs\dbMiniProject\views\routes\api.ctp, line 1]
2011-09-24 07:54:55 Debug: Notice (8): Undefined index: action in [C:\xampp\htdocs\dbMiniProject\controllers\components\log_util.php, line 67]
2011-09-24 07:54:55 Debug: Notice (8): Undefined index: controller in [C:\xampp\htdocs\dbMiniProject\controllers\components\log_util.php, line 68]
2011-09-24 07:54:55 Debug: Notice (8): Undefined index: url in [C:\xampp\htdocs\dbMiniProject\controllers\components\log_util.php, line 77]
2011-09-24 07:54:55 Debug: Notice (8): Undefined variable: logged_in in [C:\xampp\htdocs\dbMiniProject\views\layouts\default.ctp, line 51]
2011-09-24 07:55:03 Debug: Notice (8): Undefined index: action in [C:\xampp\htdocs\dbMiniProject\controllers\components\log_util.php, line 67]
2011-09-24 07:55:03 Debug: Notice (8): Undefined index: controller in [C:\xampp\htdocs\dbMiniProject\controllers\components\log_util.php, line 68]
2011-09-24 07:55:03 Debug: Notice (8): Undefined index: url in [C:\xampp\htdocs\dbMiniProject\controllers\components\log_util.php, line 77]
2011-09-24 07:55:03 Debug: Notice (8): Undefined variable: logged_in in [C:\xampp\htdocs\dbMiniProject\views\layouts\default.ctp, line 51]
2011-09-24 07:55:03 Debug: Notice (8): Undefined index: action in [C:\xampp\htdocs\dbMiniProject\controllers\components\log_util.php, line 67]
2011-09-24 07:55:03 Debug: Notice (8): Undefined index: controller in [C:\xampp\htdocs\dbMiniProject\controllers\components\log_util.php, line 68]
2011-09-24 07:55:03 Debug: Notice (8): Undefined index: url in [C:\xampp\htdocs\dbMiniProject\controllers\components\log_util.php, line 77]
2011-09-24 07:55:03 Debug: Notice (8): Undefined variable: logged_in in [C:\xampp\htdocs\dbMiniProject\views\layouts\default.ctp, line 51]
2011-09-24 07:55:50 Debug: Notice (8): Undefined index: action in [C:\xampp\htdocs\dbMiniProject\controllers\components\log_util.php, line 67]
2011-09-24 07:55:50 Debug: Notice (8): Undefined index: controller in [C:\xampp\htdocs\dbMiniProject\controllers\components\log_util.php, line 68]
2011-09-24 07:55:50 Debug: Notice (8): Undefined index: url in [C:\xampp\htdocs\dbMiniProject\controllers\components\log_util.php, line 77]
2011-09-24 07:55:50 Debug: Notice (8): Undefined variable: logged_in in [C:\xampp\htdocs\dbMiniProject\views\layouts\default.ctp, line 51]
2011-09-24 07:59:54 Debug: Notice (8): Undefined index: action in [C:\xampp\htdocs\dbMiniProject\controllers\components\log_util.php, line 67]
2011-09-24 07:59:54 Debug: Notice (8): Undefined index: controller in [C:\xampp\htdocs\dbMiniProject\controllers\components\log_util.php, line 68]
2011-09-24 07:59:54 Debug: Notice (8): Undefined index: url in [C:\xampp\htdocs\dbMiniProject\controllers\components\log_util.php, line 77]
2011-09-24 07:59:54 Debug: Notice (8): Undefined variable: logged_in in [C:\xampp\htdocs\dbMiniProject\views\layouts\default.ctp, line 51]
2011-09-24 07:59:59 Debug: Notice (8): Undefined index: action in [C:\xampp\htdocs\dbMiniProject\controllers\components\log_util.php, line 67]
2011-09-24 07:59:59 Debug: Notice (8): Undefined index: controller in [C:\xampp\htdocs\dbMiniProject\controllers\components\log_util.php, line 68]
2011-09-24 07:59:59 Debug: Notice (8): Undefined index: url in [C:\xampp\htdocs\dbMiniProject\controllers\components\log_util.php, line 77]
2011-09-24 07:59:59 Debug: Notice (8): Undefined variable: logged_in in [C:\xampp\htdocs\dbMiniProject\views\layouts\default.ctp, line 51]
2011-09-24 08:18:37 Debug: Notice (8): Undefined index: action in [C:\xampp\htdocs\dbMiniProject\controllers\components\log_util.php, line 67]
2011-09-24 08:18:37 Debug: Notice (8): Undefined index: controller in [C:\xampp\htdocs\dbMiniProject\controllers\components\log_util.php, line 68]
2011-09-24 08:18:37 Debug: Notice (8): Undefined index: url in [C:\xampp\htdocs\dbMiniProject\controllers\components\log_util.php, line 77]
2011-09-24 08:18:37 Debug: Notice (8): Undefined variable: logged_in in [C:\xampp\htdocs\dbMiniProject\views\layouts\default.ctp, line 51]
2011-09-24 08:37:32 Debug: Notice (8): Undefined index: action in [C:\xampp\htdocs\dbMiniProject\controllers\components\log_util.php, line 67]
2011-09-24 08:37:32 Debug: Notice (8): Undefined index: controller in [C:\xampp\htdocs\dbMiniProject\controllers\components\log_util.php, line 68]
2011-09-24 08:37:32 Debug: Notice (8): Undefined index: url in [C:\xampp\htdocs\dbMiniProject\controllers\components\log_util.php, line 77]
2011-09-24 08:37:32 Debug: Notice (8): Undefined variable: logged_in in [C:\xampp\htdocs\dbMiniProject\views\layouts\default.ctp, line 51]
2011-09-24 08:37:43 Debug: Notice (8): Undefined index: action in [C:\xampp\htdocs\dbMiniProject\controllers\components\log_util.php, line 67]
2011-09-24 08:37:43 Debug: Notice (8): Undefined index: controller in [C:\xampp\htdocs\dbMiniProject\controllers\components\log_util.php, line 68]
2011-09-24 08:37:43 Debug: Notice (8): Undefined index: url in [C:\xampp\htdocs\dbMiniProject\controllers\components\log_util.php, line 77]
2011-09-24 08:37:43 Debug: Notice (8): Undefined variable: logged_in in [C:\xampp\htdocs\dbMiniProject\views\layouts\default.ctp, line 51]
2011-09-24 08:37:52 Debug: Notice (8): Undefined index: action in [C:\xampp\htdocs\dbMiniProject\controllers\components\log_util.php, line 67]
2011-09-24 08:37:52 Debug: Notice (8): Undefined index: controller in [C:\xampp\htdocs\dbMiniProject\controllers\components\log_util.php, line 68]
2011-09-24 08:37:52 Debug: Notice (8): Undefined index: url in [C:\xampp\htdocs\dbMiniProject\controllers\components\log_util.php, line 77]
2011-09-24 08:37:52 Debug: Notice (8): Undefined variable: logged_in in [C:\xampp\htdocs\dbMiniProject\views\layouts\default.ctp, line 51]
2011-09-24 08:42:17 Debug: Notice (8): Undefined variable: station in [C:\xampp\htdocs\dbMiniProject\views\stations\view_ta.ctp, line 6]
2011-09-24 08:42:17 Debug: Notice (8): Undefined variable: station in [C:\xampp\htdocs\dbMiniProject\views\stations\view_ta.ctp, line 11]
2011-09-24 08:42:17 Debug: Notice (8): Undefined variable: station in [C:\xampp\htdocs\dbMiniProject\views\stations\view_ta.ctp, line 19]
2011-09-24 08:42:17 Debug: Notice (8): Undefined variable: station in [C:\xampp\htdocs\dbMiniProject\views\stations\view_ta.ctp, line 20]
2011-09-24 08:42:38 Debug: Notice (8): Undefined variable: station in [C:\xampp\htdocs\dbMiniProject\views\stations\view_ta.ctp, line 6]
2011-09-24 08:42:38 Debug: Notice (8): Undefined variable: station in [C:\xampp\htdocs\dbMiniProject\views\stations\view_ta.ctp, line 11]
2011-09-24 08:42:38 Debug: Notice (8): Undefined variable: station in [C:\xampp\htdocs\dbMiniProject\views\stations\view_ta.ctp, line 19]
2011-09-24 08:42:38 Debug: Notice (8): Undefined variable: station in [C:\xampp\htdocs\dbMiniProject\views\stations\view_ta.ctp, line 20]
2011-09-24 08:46:03 Debug: Notice (8): Use of undefined constant கொடு - assumed 'கொடு' in [C:\xampp\htdocs\dbMiniProject\views\stations\view_ta.ctp, line 19]
2011-09-24 08:46:03 Debug: Notice (8): Use of undefined constant நீக்கு - assumed 'நீக்கு' in [C:\xampp\htdocs\dbMiniProject\views\stations\view_ta.ctp, line 20]
2011-09-24 08:46:03 Debug: Notice (8): Use of undefined constant பட்டியல் - assumed 'பட்டியல்' in [C:\xampp\htdocs\dbMiniProject\views\stations\view_ta.ctp, line 21]
2011-09-24 08:46:03 Debug: Notice (8): Use of undefined constant புதிய - assumed 'புதிய' in [C:\xampp\htdocs\dbMiniProject\views\stations\view_ta.ctp, line 22]
2011-09-24 09:00:25 Debug: Notice (8): Undefined index: action in [C:\xampp\htdocs\dbMiniProject\controllers\components\log_util.php, line 67]
2011-09-24 09:00:25 Debug: Notice (8): Undefined index: controller in [C:\xampp\htdocs\dbMiniProject\controllers\components\log_util.php, line 68]
2011-09-24 09:00:25 Debug: Notice (8): Undefined index: url in [C:\xampp\htdocs\dbMiniProject\controllers\components\log_util.php, line 77]
2011-09-24 09:00:25 Debug: Notice (8): Undefined variable: logged_in in [C:\xampp\htdocs\dbMiniProject\views\layouts\default.ctp, line 51]
2011-09-24 09:05:15 Debug: Notice (8): Undefined index: action in [C:\xampp\htdocs\dbMiniProject\controllers\components\log_util.php, line 67]
2011-09-24 09:05:15 Debug: Notice (8): Undefined index: controller in [C:\xampp\htdocs\dbMiniProject\controllers\components\log_util.php, line 68]
2011-09-24 09:05:15 Debug: Notice (8): Undefined index: url in [C:\xampp\htdocs\dbMiniProject\controllers\components\log_util.php, line 77]
2011-09-24 09:05:15 Debug: Notice (8): Undefined variable: logged_in in [C:\xampp\htdocs\dbMiniProject\views\layouts\default.ctp, line 51]
2011-09-24 09:05:35 Debug: Notice (8): Undefined index: action in [C:\xampp\htdocs\dbMiniProject\controllers\components\log_util.php, line 67]
2011-09-24 09:05:35 Debug: Notice (8): Undefined index: controller in [C:\xampp\htdocs\dbMiniProject\controllers\components\log_util.php, line 68]
2011-09-24 09:05:35 Debug: Notice (8): Undefined index: url in [C:\xampp\htdocs\dbMiniProject\controllers\components\log_util.php, line 77]
2011-09-24 09:05:35 Debug: Notice (8): Undefined variable: logged_in in [C:\xampp\htdocs\dbMiniProject\views\layouts\default.ctp, line 51]
2011-09-24 09:18:53 Debug: Notice (8): Undefined index: action in [C:\xampp\htdocs\dbMiniProject\controllers\components\log_util.php, line 67]
2011-09-24 09:18:53 Debug: Notice (8): Undefined index: controller in [C:\xampp\htdocs\dbMiniProject\controllers\components\log_util.php, line 68]
2011-09-24 09:18:53 Debug: Notice (8): Undefined index: url in [C:\xampp\htdocs\dbMiniProject\controllers\components\log_util.php, line 77]
2011-09-24 09:38:59 Debug: Notice (8): Undefined index: action in [C:\xampp\htdocs\dbMiniProject\controllers\components\log_util.php, line 67]
2011-09-24 09:38:59 Debug: Notice (8): Undefined index: controller in [C:\xampp\htdocs\dbMiniProject\controllers\components\log_util.php, line 68]
2011-09-24 09:38:59 Debug: Notice (8): Undefined index: url in [C:\xampp\htdocs\dbMiniProject\controllers\components\log_util.php, line 77]
2011-09-24 09:40:20 Debug: Notice (8): Undefined index: action in [C:\xampp\htdocs\dbMiniProject\controllers\components\log_util.php, line 67]
2011-09-24 09:40:20 Debug: Notice (8): Undefined index: controller in [C:\xampp\htdocs\dbMiniProject\controllers\components\log_util.php, line 68]
2011-09-24 09:40:20 Debug: Notice (8): Undefined index: url in [C:\xampp\htdocs\dbMiniProject\controllers\components\log_util.php, line 77]
2011-09-24 09:41:05 Debug: Notice (8): Undefined index: action in [C:\xampp\htdocs\dbMiniProject\controllers\components\log_util.php, line 67]
2011-09-24 09:41:05 Debug: Notice (8): Undefined index: controller in [C:\xampp\htdocs\dbMiniProject\controllers\components\log_util.php, line 68]
2011-09-24 09:41:05 Debug: Notice (8): Undefined index: url in [C:\xampp\htdocs\dbMiniProject\controllers\components\log_util.php, line 77]
2011-09-24 09:41:14 Debug: Notice (8): Undefined index: action in [C:\xampp\htdocs\dbMiniProject\controllers\components\log_util.php, line 67]
2011-09-24 09:41:14 Debug: Notice (8): Undefined index: controller in [C:\xampp\htdocs\dbMiniProject\controllers\components\log_util.php, line 68]
2011-09-24 09:41:14 Debug: Notice (8): Undefined index: url in [C:\xampp\htdocs\dbMiniProject\controllers\components\log_util.php, line 77]
2011-09-24 09:41:26 Debug: Notice (8): Undefined index: action in [C:\xampp\htdocs\dbMiniProject\controllers\components\log_util.php, line 67]
2011-09-24 09:41:26 Debug: Notice (8): Undefined index: controller in [C:\xampp\htdocs\dbMiniProject\controllers\components\log_util.php, line 68]
2011-09-24 09:41:26 Debug: Notice (8): Undefined index: url in [C:\xampp\htdocs\dbMiniProject\controllers\components\log_util.php, line 77]
2011-09-24 09:41:29 Debug: Notice (8): Undefined index: action in [C:\xampp\htdocs\dbMiniProject\controllers\components\log_util.php, line 67]
2011-09-24 09:41:29 Debug: Notice (8): Undefined index: controller in [C:\xampp\htdocs\dbMiniProject\controllers\components\log_util.php, line 68]
2011-09-24 09:41:29 Debug: Notice (8): Undefined index: url in [C:\xampp\htdocs\dbMiniProject\controllers\components\log_util.php, line 77]
2011-09-28 09:27:51 Debug: Notice (8): Undefined index: action in [C:\xampp\htdocs\dbMiniProject\controllers\components\log_util.php, line 67]
2011-09-28 09:27:51 Debug: Notice (8): Undefined index: controller in [C:\xampp\htdocs\dbMiniProject\controllers\components\log_util.php, line 68]
2011-09-28 09:27:51 Debug: Notice (8): Undefined index: url in [C:\xampp\htdocs\dbMiniProject\controllers\components\log_util.php, line 77]
2012-03-18 22:15:09 Debug: Notice (8): Use of undefined constant DEFAULT_LANGUAGE - assumed 'DEFAULT_LANGUAGE' in [C:\xampp\htdocs\dbMiniProject\controllers\components\P28n.php, line 7]
2012-03-18 22:15:56 Debug: Notice (8): Undefined index: action in [C:\xampp\htdocs\dbMiniProject\controllers\components\log_util.php, line 67]
2012-03-18 22:15:56 Debug: Notice (8): Undefined index: controller in [C:\xampp\htdocs\dbMiniProject\controllers\components\log_util.php, line 68]
2012-03-18 22:15:56 Debug: Notice (8): Undefined index: url in [C:\xampp\htdocs\dbMiniProject\controllers\components\log_util.php, line 77]
2012-03-18 22:16:05 Debug: Notice (8): Undefined index: action in [C:\xampp\htdocs\dbMiniProject\controllers\components\log_util.php, line 67]
2012-03-18 22:16:05 Debug: Notice (8): Undefined index: controller in [C:\xampp\htdocs\dbMiniProject\controllers\components\log_util.php, line 68]
2012-03-18 22:16:05 Debug: Notice (8): Undefined index: url in [C:\xampp\htdocs\dbMiniProject\controllers\components\log_util.php, line 77]
